::1 - - [22/Aug/2021:11:06:58 +0000] "POST /api/createAdmin HTTP/1.1" 400 36 "-" "PostmanRuntime/7.26.8"
::1 - - [22/Aug/2021:11:08:00 +0000] "POST /api/createAdmin HTTP/1.1" 201 15 "-" "PostmanRuntime/7.26.8"
::1 - - [22/Aug/2021:11:08:13 +0000] "POST /api/createAdmin HTTP/1.1" 200 21 "-" "PostmanRuntime/7.26.8"
::1 - - [22/Aug/2021:11:44:49 +0000] "POST /api/loginAdmin HTTP/1.1" 400 28 "-" "PostmanRuntime/7.26.8"
::1 - - [22/Aug/2021:11:50:41 +0000] "POST /api/loginAdmin HTTP/1.1" 200 37 "-" "PostmanRuntime/7.26.8"
::1 - - [22/Aug/2021:11:50:50 +0000] "POST /api/loginAdmin HTTP/1.1" 200 37 "-" "PostmanRuntime/7.26.8"
::1 - - [22/Aug/2021:11:50:55 +0000] "POST /api/loginAdmin HTTP/1.1" 200 37 "-" "PostmanRuntime/7.26.8"
::1 - - [22/Aug/2021:11:51:47 +0000] "POST /api/loginAdmin HTTP/1.1" 200 37 "-" "PostmanRuntime/7.26.8"
::1 - - [22/Aug/2021:11:51:56 +0000] "POST /api/loginAdmin HTTP/1.1" 200 37 "-" "PostmanRuntime/7.26.8"
::1 - - [22/Aug/2021:11:52:01 +0000] "POST /api/loginAdmin HTTP/1.1" 200 37 "-" "PostmanRuntime/7.26.8"
::1 - - [22/Aug/2021:11:52:02 +0000] "POST /api/loginAdmin HTTP/1.1" 200 37 "-" "PostmanRuntime/7.26.8"
::1 - - [22/Aug/2021:11:52:23 +0000] "POST /api/loginUser HTTP/1.1" 200 37 "-" "PostmanRuntime/7.26.8"
::1 - - [22/Aug/2021:11:52:30 +0000] "POST /api/loginUser HTTP/1.1" 200 37 "-" "PostmanRuntime/7.26.8"
::1 - - [22/Aug/2021:11:52:52 +0000] "POST /api/login HTTP/1.1" 400 28 "-" "PostmanRuntime/7.26.8"
::1 - - [22/Aug/2021:11:53:55 +0000] "POST /api/login HTTP/1.1" 200 39 "-" "PostmanRuntime/7.26.8"
::1 - - [22/Aug/2021:12:09:17 +0000] "POST /api/logout HTTP/1.1" 200 51 "-" "PostmanRuntime/7.26.8"
::1 - - [22/Aug/2021:12:09:41 +0000] "POST /api/login HTTP/1.1" 400 28 "-" "PostmanRuntime/7.26.8"
::1 - - [22/Aug/2021:12:09:48 +0000] "POST /api/login HTTP/1.1" 400 28 "-" "PostmanRuntime/7.26.8"
::1 - - [22/Aug/2021:12:11:21 +0000] "POST /api/login HTTP/1.1" 400 28 "-" "PostmanRuntime/7.26.8"
::1 - - [22/Aug/2021:12:11:23 +0000] "POST /api/login HTTP/1.1" 400 28 "-" "PostmanRuntime/7.26.8"
::1 - - [22/Aug/2021:12:12:07 +0000] "POST /api/login HTTP/1.1" 200 39 "-" "PostmanRuntime/7.26.8"
::1 - - [22/Aug/2021:12:12:20 +0000] "POST /api/logout HTTP/1.1" 200 51 "-" "PostmanRuntime/7.26.8"
::1 - - [22/Aug/2021:12:13:12 +0000] "POST /api/login HTTP/1.1" 200 39 "-" "PostmanRuntime/7.26.8"
::1 - - [22/Aug/2021:12:13:17 +0000] "POST /api/logout HTTP/1.1" 200 51 "-" "PostmanRuntime/7.26.8"
::1 - - [22/Aug/2021:12:31:54 +0000] "POST /api/createClient HTTP/1.1" 200 21 "-" "PostmanRuntime/7.26.8"
::1 - - [22/Aug/2021:12:32:59 +0000] "POST /api/createClient HTTP/1.1" 201 15 "-" "PostmanRuntime/7.26.8"
::1 - - [22/Aug/2021:14:22:05 +0000] "POST /api/createClient HTTP/1.1" 200 21 "-" "PostmanRuntime/7.26.8"
::1 - - [22/Aug/2021:15:15:45 +0000] "POST /api/createClient HTTP/1.1" 201 15 "-" "PostmanRuntime/7.26.8"
::1 - - [22/Aug/2021:15:20:37 +0000] "POST /api/createClient HTTP/1.1" 200 21 "-" "PostmanRuntime/7.26.8"
::1 - - [22/Aug/2021:15:42:33 +0000] "POST /api/createClient HTTP/1.1" 200 6 "-" "PostmanRuntime/7.26.8"
::1 - - [22/Aug/2021:15:46:33 +0000] "POST /api/createClient HTTP/1.1" 400 37 "-" "PostmanRuntime/7.26.8"
::1 - - [22/Aug/2021:15:47:37 +0000] "POST /api/createClient HTTP/1.1" 400 39 "-" "PostmanRuntime/7.26.8"
::1 - - [22/Aug/2021:15:47:49 +0000] "POST /api/createClient HTTP/1.1" 400 17 "-" "PostmanRuntime/7.26.8"
::1 - - [22/Aug/2021:15:49:37 +0000] "POST /api/createClient HTTP/1.1" 400 17 "-" "PostmanRuntime/7.26.8"
::1 - - [22/Aug/2021:15:53:58 +0000] "POST /api/createClient HTTP/1.1" 200 14 "-" "PostmanRuntime/7.26.8"
::1 - - [22/Aug/2021:16:04:30 +0000] "POST /api/createClient HTTP/1.1" 200 14 "-" "PostmanRuntime/7.26.8"
::1 - - [22/Aug/2021:16:05:34 +0000] "POST /api/createClient HTTP/1.1" 200 14 "-" "PostmanRuntime/7.26.8"
::1 - - [22/Aug/2021:16:05:49 +0000] "POST /api/createClient HTTP/1.1" 200 14 "-" "PostmanRuntime/7.26.8"
::1 - - [22/Aug/2021:17:22:11 +0000] "POST /api/createClient HTTP/1.1" 200 14 "-" "PostmanRuntime/7.26.8"
::1 - - [22/Aug/2021:17:24:15 +0000] "POST /api/createClient HTTP/1.1" 200 14 "-" "PostmanRuntime/7.26.8"
::1 - - [22/Aug/2021:17:25:28 +0000] "POST /api/createClient HTTP/1.1" 200 14 "-" "PostmanRuntime/7.26.8"
::1 - - [22/Aug/2021:17:30:13 +0000] "POST /api/createClient HTTP/1.1" 200 14 "-" "PostmanRuntime/7.26.8"
::1 - - [22/Aug/2021:18:25:29 +0000] "POST /api/validClient HTTP/1.1" - - "-" "PostmanRuntime/7.26.8"
::1 - - [22/Aug/2021:18:28:01 +0000] "POST /api/createClient HTTP/1.1" 200 14 "-" "PostmanRuntime/7.26.8"
::1 - - [22/Aug/2021:18:39:46 +0000] "POST /api/createClient HTTP/1.1" 200 14 "-" "PostmanRuntime/7.26.8"
::1 - - [22/Aug/2021:19:55:02 +0000] "POST /api/createClient HTTP/1.1" 200 14 "-" "PostmanRuntime/7.26.8"
::1 - - [22/Aug/2021:19:57:19 +0000] "POST /api/createClient HTTP/1.1" 200 14 "-" "PostmanRuntime/7.26.8"
::1 - - [22/Aug/2021:20:31:18 +0000] "POST /api/createClient HTTP/1.1" 200 14 "-" "PostmanRuntime/7.26.8"
::1 - - [22/Aug/2021:20:51:16 +0000] "POST /api/createClient HTTP/1.1" 200 14 "-" "PostmanRuntime/7.26.8"
::1 - - [22/Aug/2021:21:25:15 +0000] "POST /api/createClient HTTP/1.1" 200 14 "-" "PostmanRuntime/7.26.8"
::1 - - [22/Aug/2021:21:36:48 +0000] "POST /api/createClient HTTP/1.1" 200 14 "-" "PostmanRuntime/7.26.8"
::1 - - [22/Aug/2021:21:39:54 +0000] "POST /api/validClient HTTP/1.1" 201 34 "-" "PostmanRuntime/7.26.8"
::1 - - [23/Aug/2021:10:39:32 +0000] "POST /api/createClient HTTP/1.1" 200 14 "-" "PostmanRuntime/7.26.8"
::1 - - [23/Aug/2021:10:42:02 +0000] "POST /api/validClient HTTP/1.1" 201 34 "-" "PostmanRuntime/7.26.8"
::1 - - [23/Aug/2021:11:08:16 +0000] "GET / HTTP/1.1" 200 20 "-" "Mozilla/5.0 (Windows NT 10.0; Win64; x64) AppleWebKit/537.36 (KHTML, like Gecko) Chrome/92.0.4515.159 Safari/537.36"
::1 - - [23/Aug/2021:11:08:16 +0000] "GET /favicon.ico HTTP/1.1" 200 37 "http://localhost:5000/" "Mozilla/5.0 (Windows NT 10.0; Win64; x64) AppleWebKit/537.36 (KHTML, like Gecko) Chrome/92.0.4515.159 Safari/537.36"
::1 - - [23/Aug/2021:12:05:53 +0000] "POST /api/createVendeur HTTP/1.1" 200 21 "-" "PostmanRuntime/7.26.8"
::1 - - [23/Aug/2021:12:06:16 +0000] "POST /api/createVendeur HTTP/1.1" 200 14 "-" "PostmanRuntime/7.26.8"
::1 - - [23/Aug/2021:12:06:40 +0000] "POST /api/validVendeur HTTP/1.1" 201 34 "-" "PostmanRuntime/7.26.8"
::1 - - [23/Aug/2021:12:09:46 +0000] "POST /api/createVendeur HTTP/1.1" 200 14 "-" "PostmanRuntime/7.26.8"
::1 - - [23/Aug/2021:12:10:02 +0000] "POST /api/validVendeur HTTP/1.1" 201 34 "-" "PostmanRuntime/7.26.8"
::1 - - [23/Aug/2021:12:13:42 +0000] "POST /api/createVendeur HTTP/1.1" 200 14 "-" "PostmanRuntime/7.26.8"
::1 - - [23/Aug/2021:12:14:02 +0000] "POST /api/validVendeur HTTP/1.1" 201 34 "-" "PostmanRuntime/7.26.8"
::1 - - [23/Aug/2021:12:16:13 +0000] "POST /api/createVendeur HTTP/1.1" 200 14 "-" "PostmanRuntime/7.26.8"
::1 - - [23/Aug/2021:12:19:13 +0000] "POST /api/createVendeur HTTP/1.1" 200 14 "-" "PostmanRuntime/7.26.8"
::1 - - [23/Aug/2021:12:19:27 +0000] "POST /api/validVendeur HTTP/1.1" 201 34 "-" "PostmanRuntime/7.26.8"
::1 - - [23/Aug/2021:16:54:34 +0000] "POST /api/createVendeur HTTP/1.1" 200 14 "-" "PostmanRuntime/7.26.8"
::1 - - [23/Aug/2021:16:55:51 +0000] "POST /api/validVendeur HTTP/1.1" 201 34 "-" "PostmanRuntime/7.26.8"
::1 - - [23/Aug/2021:16:56:53 +0000] "POST /api/createVendeur HTTP/1.1" 200 14 "-" "PostmanRuntime/7.26.8"
::1 - - [23/Aug/2021:16:56:57 +0000] "POST /api/validVendeur HTTP/1.1" 400 21 "-" "PostmanRuntime/7.26.8"
::1 - - [23/Aug/2021:16:57:24 +0000] "POST /api/validVendeur HTTP/1.1" 201 34 "-" "PostmanRuntime/7.26.8"
::1 - - [23/Aug/2021:16:59:10 +0000] "POST /api/createVendeur HTTP/1.1" 200 14 "-" "PostmanRuntime/7.26.8"
::1 - - [23/Aug/2021:16:59:29 +0000] "POST /api/validVendeur HTTP/1.1" 201 34 "-" "PostmanRuntime/7.26.8"
::1 - - [23/Aug/2021:17:19:10 +0000] "PUT /api/freePack HTTP/1.1" 200 28 "-" "PostmanRuntime/7.26.8"
::1 - - [23/Aug/2021:17:20:18 +0000] "PUT /api/freePack HTTP/1.1" 200 28 "-" "PostmanRuntime/7.26.8"
::1 - - [23/Aug/2021:17:21:59 +0000] "PUT /api/freePack HTTP/1.1" 200 28 "-" "PostmanRuntime/7.26.8"
